<?xml version="1.0" encoding="utf-8"?>
<coverage line-rate="1" branch-rate="1" version="1.9" timestamp="1679225391" lines-covered="98" lines-valid="98" branches-covered="6" branches-valid="6">
  <sources>
    <source>/app/SpaceBattle/</source>
  </sources>
  <packages>
    <package name="space-battle" line-rate="1" branch-rate="1" complexity="21">
      <classes>
        <class name="SpaceBattle.Entities.Strategies.ExceptionHandlerFindStrategy" filename="Entities/Strategies/ExceptionHandlerFindStrategy.cs" line-rate="1" branch-rate="1" complexity="1">
          <methods>
            <method name="Run" signature="(System.Object[])" line-rate="1" branch-rate="1" complexity="1">
              <lines>
                <line number="9" hits="1" branch="False" />
                <line number="10" hits="1" branch="False" />
                <line number="11" hits="1" branch="False" />
                <line number="13" hits="1" branch="False" />
                <line number="15" hits="1" branch="False" />
                <line number="16" hits="1" branch="False" />
              </lines>
            </method>
          </methods>
          <lines>
            <line number="9" hits="1" branch="False" />
            <line number="10" hits="1" branch="False" />
            <line number="11" hits="1" branch="False" />
            <line number="13" hits="1" branch="False" />
            <line number="15" hits="1" branch="False" />
            <line number="16" hits="1" branch="False" />
          </lines>
        </class>
        <class name="SpaceBattle.Entities.Strategies.MacroCommandBuilderStrategy" filename="Entities/Strategies/MacroCommandBuilderStrategy.cs" line-rate="1" branch-rate="1" complexity="2">
          <methods>
            <method name="Run" signature="(System.Object[])" line-rate="1" branch-rate="1" complexity="2">
              <lines>
                <line number="26" hits="1" branch="False" />
                <line number="27" hits="1" branch="False" />
                <line number="28" hits="1" branch="False" />
                <line number="30" hits="1" branch="False" />
                <line number="32" hits="1" branch="False" />
                <line number="34" hits="5" branch="True" condition-coverage="100% (2/2)">
                  <conditions>
                    <condition number="90" type="jump" coverage="100%" />
                  </conditions>
                </line>
                <line number="35" hits="1" branch="False" />
                <line number="36" hits="1" branch="False" />
                <line number="37" hits="1" branch="False" />
                <line number="39" hits="1" branch="False" />
                <line number="40" hits="1" branch="False" />
              </lines>
            </method>
          </methods>
          <lines>
            <line number="26" hits="1" branch="False" />
            <line number="27" hits="1" branch="False" />
            <line number="28" hits="1" branch="False" />
            <line number="30" hits="1" branch="False" />
            <line number="32" hits="1" branch="False" />
            <line number="34" hits="5" branch="True" condition-coverage="100% (2/2)">
              <conditions>
                <condition number="90" type="jump" coverage="100%" />
              </conditions>
            </line>
            <line number="35" hits="1" branch="False" />
            <line number="36" hits="1" branch="False" />
            <line number="37" hits="1" branch="False" />
            <line number="39" hits="1" branch="False" />
            <line number="40" hits="1" branch="False" />
          </lines>
        </class>
        <class name="SpaceBattle.Entities.Commands.CollisionCheckCommand" filename="Entities/Commands/CollisionCheckCommand.cs" line-rate="1" branch-rate="1" complexity="3">
          <methods>
            <method name="Run" signature="()" line-rate="1" branch-rate="1" complexity="2">
              <lines>
                <line number="38" hits="3" branch="False" />
                <line number="39" hits="3" branch="False" />
                <line number="40" hits="3" branch="False" />
                <line number="41" hits="3" branch="False" />
                <line number="43" hits="2" branch="True" condition-coverage="100% (2/2)">
                  <conditions>
                    <condition number="39" type="jump" coverage="100%" />
                  </conditions>
                </line>
                <line number="44" hits="1" branch="False" />
                <line number="45" hits="1" branch="False" />
                <line number="47" hits="1" branch="False" />
              </lines>
            </method>
            <method name=".ctor" signature="(SpaceBattle.Base.IUObject,SpaceBattle.Base.IUObject)" line-rate="1" branch-rate="1" complexity="1">
              <lines>
                <line number="31" hits="3" branch="False" />
                <line number="32" hits="3" branch="False" />
                <line number="33" hits="3" branch="False" />
                <line number="34" hits="3" branch="False" />
                <line number="35" hits="3" branch="False" />
              </lines>
            </method>
          </methods>
          <lines>
            <line number="38" hits="3" branch="False" />
            <line number="39" hits="3" branch="False" />
            <line number="40" hits="3" branch="False" />
            <line number="41" hits="3" branch="False" />
            <line number="43" hits="2" branch="True" condition-coverage="100% (2/2)">
              <conditions>
                <condition number="39" type="jump" coverage="100%" />
              </conditions>
            </line>
            <line number="44" hits="1" branch="False" />
            <line number="45" hits="1" branch="False" />
            <line number="47" hits="1" branch="False" />
            <line number="31" hits="3" branch="False" />
            <line number="32" hits="3" branch="False" />
            <line number="33" hits="3" branch="False" />
            <line number="34" hits="3" branch="False" />
            <line number="35" hits="3" branch="False" />
          </lines>
        </class>
        <class name="SpaceBattle.Entities.Commands.MacroCommand" filename="Entities/Commands/MacroCommand.cs" line-rate="1" branch-rate="1" complexity="3">
          <methods>
            <method name="Run" signature="()" line-rate="1" branch-rate="1" complexity="2">
              <lines>
                <line number="23" hits="6" branch="False" />
                <line number="24" hits="28" branch="True" condition-coverage="100% (2/2)">
                  <conditions>
                    <condition number="38" type="jump" coverage="100%" />
                  </conditions>
                </line>
                <line number="25" hits="6" branch="False" />
                <line number="26" hits="6" branch="False" />
                <line number="27" hits="5" branch="False" />
                <line number="28" hits="4" branch="False" />
              </lines>
            </method>
            <method name=".ctor" signature="(System.Collections.Generic.IList`1&lt;SpaceBattle.Base.ICommand&gt;)" line-rate="1" branch-rate="1" complexity="1">
              <lines>
                <line number="17" hits="6" branch="False" />
                <line number="18" hits="6" branch="False" />
                <line number="19" hits="6" branch="False" />
                <line number="20" hits="6" branch="False" />
              </lines>
            </method>
          </methods>
          <lines>
            <line number="23" hits="6" branch="False" />
            <line number="24" hits="28" branch="True" condition-coverage="100% (2/2)">
              <conditions>
                <condition number="38" type="jump" coverage="100%" />
              </conditions>
            </line>
            <line number="25" hits="6" branch="False" />
            <line number="26" hits="6" branch="False" />
            <line number="27" hits="5" branch="False" />
            <line number="28" hits="4" branch="False" />
            <line number="17" hits="6" branch="False" />
            <line number="18" hits="6" branch="False" />
            <line number="19" hits="6" branch="False" />
            <line number="20" hits="6" branch="False" />
          </lines>
        </class>
        <class name="SpaceBattle.Entities.Commands.MoveCommand" filename="Entities/Commands/MoveCommand.cs" line-rate="1" branch-rate="1" complexity="2">
          <methods>
            <method name="Run" signature="()" line-rate="1" branch-rate="1" complexity="1">
              <lines>
                <line number="31" hits="65" branch="False" />
                <line number="32" hits="65" branch="False" />
                <line number="33" hits="62" branch="False" />
              </lines>
            </method>
            <method name=".ctor" signature="(SpaceBattle.Base.IMovable)" line-rate="1" branch-rate="1" complexity="1">
              <lines>
                <line number="25" hits="65" branch="False" />
                <line number="26" hits="65" branch="False" />
                <line number="27" hits="65" branch="False" />
                <line number="28" hits="65" branch="False" />
              </lines>
            </method>
          </methods>
          <lines>
            <line number="31" hits="65" branch="False" />
            <line number="32" hits="65" branch="False" />
            <line number="33" hits="62" branch="False" />
            <line number="25" hits="65" branch="False" />
            <line number="26" hits="65" branch="False" />
            <line number="27" hits="65" branch="False" />
            <line number="28" hits="65" branch="False" />
          </lines>
        </class>
        <class name="SpaceBattle.Entities.Commands.RotateCommand" filename="Entities/Commands/RotateCommand.cs" line-rate="1" branch-rate="1" complexity="2">
          <methods>
            <method name="Run" signature="()" line-rate="1" branch-rate="1" complexity="1">
              <lines>
                <line number="31" hits="67" branch="False" />
                <line number="32" hits="67" branch="False" />
                <line number="33" hits="64" branch="False" />
              </lines>
            </method>
            <method name=".ctor" signature="(SpaceBattle.Base.IRotatable)" line-rate="1" branch-rate="1" complexity="1">
              <lines>
                <line number="25" hits="67" branch="False" />
                <line number="26" hits="67" branch="False" />
                <line number="27" hits="67" branch="False" />
                <line number="28" hits="67" branch="False" />
              </lines>
            </method>
          </methods>
          <lines>
            <line number="31" hits="67" branch="False" />
            <line number="32" hits="67" branch="False" />
            <line number="33" hits="64" branch="False" />
            <line number="25" hits="67" branch="False" />
            <line number="26" hits="67" branch="False" />
            <line number="27" hits="67" branch="False" />
            <line number="28" hits="67" branch="False" />
          </lines>
        </class>
        <class name="SpaceBattle.Entities.Commands.StartMoveCommand" filename="Entities/Commands/StartMoveCommand.cs" line-rate="1" branch-rate="1" complexity="2">
          <methods>
            <method name="Run" signature="()" line-rate="1" branch-rate="1" complexity="1">
              <lines>
                <line number="53" hits="2" branch="False" />
                <line number="54" hits="2" branch="False" />
                <line number="56" hits="1" branch="False" />
                <line number="58" hits="1" branch="False" />
                <line number="60" hits="1" branch="False" />
                <line number="61" hits="1" branch="False" />
              </lines>
            </method>
            <method name=".ctor" signature="(SpaceBattle.Base.IMoveCommandStartable)" line-rate="1" branch-rate="1" complexity="1">
              <lines>
                <line number="47" hits="2" branch="False" />
                <line number="48" hits="2" branch="False" />
                <line number="49" hits="2" branch="False" />
                <line number="50" hits="2" branch="False" />
              </lines>
            </method>
          </methods>
          <lines>
            <line number="53" hits="2" branch="False" />
            <line number="54" hits="2" branch="False" />
            <line number="56" hits="1" branch="False" />
            <line number="58" hits="1" branch="False" />
            <line number="60" hits="1" branch="False" />
            <line number="61" hits="1" branch="False" />
            <line number="47" hits="2" branch="False" />
            <line number="48" hits="2" branch="False" />
            <line number="49" hits="2" branch="False" />
            <line number="50" hits="2" branch="False" />
          </lines>
        </class>
        <class name="SpaceBattle.Collections.Container" filename="Collections/Container.cs" line-rate="1" branch-rate="1" complexity="2">
          <methods>
            <method name="Resolve" signature="(System.String,System.Object[])" line-rate="1" branch-rate="1" complexity="1">
              <lines>
                <line number="30" hits="183" branch="False" />
                <line number="33" hits="183" branch="False" />
                <line number="34" hits="183" branch="False" />
                <line number="35" hits="22" branch="False" />
                <line number="36" hits="161" branch="False" />
                <line number="37" hits="161" branch="False" />
                <line number="38" hits="161" branch="False" />
                <line number="39" hits="154" branch="False" />
                <line number="40" hits="176" branch="False" />
                <line number="41" hits="176" branch="False" />
              </lines>
            </method>
            <method name=".cctor" signature="()" line-rate="1" branch-rate="1" complexity="1">
              <lines>
                <line number="13" hits="1" branch="False" />
                <line number="19" hits="1" branch="False" />
                <line number="20" hits="1" branch="False" />
                <line number="21" hits="1" branch="False" />
                <line number="23" hits="1" branch="False" />
                <line number="24" hits="1" branch="False" />
              </lines>
            </method>
          </methods>
          <lines>
            <line number="30" hits="183" branch="False" />
            <line number="33" hits="183" branch="False" />
            <line number="34" hits="183" branch="False" />
            <line number="35" hits="22" branch="False" />
            <line number="36" hits="161" branch="False" />
            <line number="37" hits="161" branch="False" />
            <line number="38" hits="161" branch="False" />
            <line number="39" hits="154" branch="False" />
            <line number="40" hits="176" branch="False" />
            <line number="41" hits="176" branch="False" />
            <line number="13" hits="1" branch="False" />
            <line number="19" hits="1" branch="False" />
            <line number="20" hits="1" branch="False" />
            <line number="21" hits="1" branch="False" />
            <line number="23" hits="1" branch="False" />
            <line number="24" hits="1" branch="False" />
          </lines>
        </class>
        <class name="SpaceBattle.Collections.RegisterStrategy" filename="Collections/Container.cs" line-rate="1" branch-rate="1" complexity="1">
          <methods>
            <method name="Run" signature="(System.Object[])" line-rate="1" branch-rate="1" complexity="1">
              <lines>
                <line number="59" hits="13" branch="False" />
                <line number="60" hits="13" branch="False" />
                <line number="61" hits="13" branch="False" />
                <line number="63" hits="13" branch="False" />
                <line number="64" hits="435" branch="False" />
                <line number="66" hits="13" branch="False" />
                <line number="68" hits="13" branch="False" />
                <line number="69" hits="13" branch="False" />
              </lines>
            </method>
          </methods>
          <lines>
            <line number="59" hits="13" branch="False" />
            <line number="60" hits="13" branch="False" />
            <line number="61" hits="13" branch="False" />
            <line number="63" hits="13" branch="False" />
            <line number="64" hits="435" branch="False" />
            <line number="66" hits="13" branch="False" />
            <line number="68" hits="13" branch="False" />
            <line number="69" hits="13" branch="False" />
          </lines>
        </class>
        <class name="SpaceBattle.Collections.CurrentScopeSetStrategy" filename="Collections/Container.cs" line-rate="1" branch-rate="1" complexity="1">
          <methods>
            <method name="Run" signature="(System.Object[])" line-rate="1" branch-rate="1" complexity="1">
              <lines>
                <line number="78" hits="9" branch="False" />
                <line number="79" hits="9" branch="False" />
                <line number="80" hits="9" branch="False" />
              </lines>
            </method>
          </methods>
          <lines>
            <line number="78" hits="9" branch="False" />
            <line number="79" hits="9" branch="False" />
            <line number="80" hits="9" branch="False" />
          </lines>
        </class>
        <class name="SpaceBattle.Collections.HWDCommandAdapter" filename="Collections/Container.cs" line-rate="1" branch-rate="1" complexity="2">
          <methods>
            <method name="Run" signature="()" line-rate="1" branch-rate="1" complexity="1">
              <lines>
                <line number="94" hits="22" branch="False" />
                <line number="95" hits="22" branch="False" />
                <line number="96" hits="22" branch="False" />
              </lines>
            </method>
            <method name=".ctor" signature="(Hwdtech.ICommand)" line-rate="1" branch-rate="1" complexity="1">
              <lines>
                <line number="88" hits="22" branch="False" />
                <line number="89" hits="22" branch="False" />
                <line number="90" hits="22" branch="False" />
                <line number="91" hits="22" branch="False" />
              </lines>
            </method>
          </methods>
          <lines>
            <line number="94" hits="22" branch="False" />
            <line number="95" hits="22" branch="False" />
            <line number="96" hits="22" branch="False" />
            <line number="88" hits="22" branch="False" />
            <line number="89" hits="22" branch="False" />
            <line number="90" hits="22" branch="False" />
            <line number="91" hits="22" branch="False" />
          </lines>
        </class>
      </classes>
    </package>
  </packages>
</coverage>